<?xml version="1.0" encoding="UTF-8"?>
<testng-results ignored="0" total="1" passed="1" failed="0" skipped="0">
  <reporter-output>
  </reporter-output>
  <suite started-at="2020-05-10T18:14:52 IST" name="Suite" finished-at="2020-05-10T18:14:53 IST" duration-ms="652">
    <groups>
    </groups>
    <test started-at="2020-05-10T18:14:52 IST" name="Test" finished-at="2020-05-10T18:14:53 IST" duration-ms="652">
      <class name="pack1.TestSampleTest">
        <test-method signature="dain()[pri:0, instance:pack1.TestSampleTest@226a82c4]" started-at="2020-05-10T18:14:52 IST" name="dain" finished-at="2020-05-10T18:14:53 IST" duration-ms="601" status="PASS">
          <reporter-output>
          </reporter-output>
        </test-method> <!-- dain -->
      </class> <!-- pack1.TestSampleTest -->
    </test> <!-- Test -->
  </suite> <!-- Suite -->
</testng-results>
