<?xml version="1.0" encoding="UTF-8"?>
<testng-results ignored="0" total="1" passed="1" failed="0" skipped="0">
  <reporter-output>
  </reporter-output>
  <suite started-at="2021-03-05T17:35:14 IST" name="Suite" finished-at="2021-03-05T17:35:15 IST" duration-ms="725">
    <groups>
    </groups>
    <test started-at="2021-03-05T17:35:14 IST" name="Test" finished-at="2021-03-05T17:35:15 IST" duration-ms="725">
      <class name="pack1.TestSampleTest">
        <test-method signature="dain()[pri:0, instance:pack1.TestSampleTest@13c10b87]" started-at="2021-03-05T17:35:14 IST" name="dain" finished-at="2021-03-05T17:35:15 IST" duration-ms="675" status="PASS">
          <reporter-output>
          </reporter-output>
        </test-method> <!-- dain -->
      </class> <!-- pack1.TestSampleTest -->
    </test> <!-- Test -->
  </suite> <!-- Suite -->
</testng-results>
